# JRE version: OpenJDK Runtime Environment (17.0.6) (build 17.0.6+0-b2043.56-10027231)
# Java VM: OpenJDK 64-Bit Server VM (17.0.6+0-b2043.56-10027231, mixed mode, tiered, compressed oops, compressed class ptrs, g1 gc, windows-amd64)
GC Precious Log:
 CPUs: 16 total, 16 available
 Memory: 15720M
 Large Page Support: Disabled
 NUMA Support: Disabled
 Compressed Oops: Enabled (Zero based)
 Heap Region Size: 2M
 Heap Min Capacity: 8M
 Heap Initial Capacity: 246M
 Heap Max Capacity: 3932M
 Pre-touch: Disabled
 Parallel Workers: 13
 Concurrent Workers: 3
 Concurrent Refinement Workers: 13
 Periodic GC: Disabled
Heap:
 garbage-first heap   total 157696K, used 69938K [0x000000070a400000, 0x0000000800000000)
  region size 2048K, 18 young (36864K), 4 survivors (8192K)
 Metaspace       used 60812K, committed 61056K, reserved 1105920K
  class space    used 7166K, committed 7296K, reserved 1048576K
GC Heap History (20 events):
Event: 2.160 GC heap before
{Heap before GC invocations=6 (full 0):
 garbage-first heap   total 43008K, used 27732K [0x000000070a400000, 0x0000000800000000)
  region size 2048K, 6 young (12288K), 1 survivors (2048K)
 Metaspace       used 30913K, committed 31104K, reserved 1081344K
  class space    used 3745K, committed 3840K, reserved 1048576K
}
Event: 2.162 GC heap after
{Heap after GC invocations=7 (full 0):
 garbage-first heap   total 43008K, used 16648K [0x000000070a400000, 0x0000000800000000)
  region size 2048K, 1 young (2048K), 1 survivors (2048K)
 Metaspace       used 30913K, committed 31104K, reserved 1081344K
  class space    used 3745K, committed 3840K, reserved 1048576K
}
Event: 2.332 GC heap before
{Heap before GC invocations=7 (full 0):
 garbage-first heap   total 43008K, used 28936K [0x000000070a400000, 0x0000000800000000)
  region size 2048K, 6 young (12288K), 1 survivors (2048K)
 Metaspace       used 31319K, committed 31552K, reserved 1081344K
  class space    used 3778K, committed 3904K, reserved 1048576K
}
Event: 2.340 GC heap after
{Heap after GC invocations=8 (full 0):
 garbage-first heap   total 43008K, used 21260K [0x000000070a400000, 0x0000000800000000)
  region size 2048K, 1 young (2048K), 1 survivors (2048K)
 Metaspace       used 31319K, committed 31552K, reserved 1081344K
  class space    used 3778K, committed 3904K, reserved 1048576K
}
Event: 2.518 GC heap before
{Heap before GC invocations=8 (full 0):
 garbage-first heap   total 43008K, used 27404K [0x000000070a400000, 0x0000000800000000)
  region size 2048K, 5 young (10240K), 1 survivors (2048K)
 Metaspace       used 32712K, committed 32896K, reserved 1081344K
  class space    used 4126K, committed 4224K, reserved 1048576K
}
Event: 2.525 GC heap after
{Heap after GC invocations=9 (full 0):
 garbage-first heap   total 43008K, used 23059K [0x000000070a400000, 0x0000000800000000)
  region size 2048K, 1 young (2048K), 1 survivors (2048K)
 Metaspace       used 32712K, committed 32896K, reserved 1081344K
  class space    used 4126K, committed 4224K, reserved 1048576K
}
Event: 2.678 GC heap before
{Heap before GC invocations=10 (full 0):
 garbage-first heap   total 45056K, used 29203K [0x000000070a400000, 0x0000000800000000)
  region size 2048K, 4 young (8192K), 1 survivors (2048K)
 Metaspace       used 34339K, committed 34496K, reserved 1081344K
  class space    used 4349K, committed 4416K, reserved 1048576K
}
Event: 2.682 GC heap after
{Heap after GC invocations=11 (full 0):
 garbage-first heap   total 45056K, used 23324K [0x000000070a400000, 0x0000000800000000)
  region size 2048K, 1 young (2048K), 1 survivors (2048K)
 Metaspace       used 34339K, committed 34496K, reserved 1081344K
  class space    used 4349K, committed 4416K, reserved 1048576K
}
Event: 2.831 GC heap before
{Heap before GC invocations=11 (full 0):
 garbage-first heap   total 45056K, used 29468K [0x000000070a400000, 0x0000000800000000)
  region size 2048K, 4 young (8192K), 1 survivors (2048K)
 Metaspace       used 35813K, committed 36032K, reserved 1081344K
  class space    used 4509K, committed 4608K, reserved 1048576K
}
Event: 2.835 GC heap after
{Heap after GC invocations=12 (full 0):
 garbage-first heap   total 149504K, used 23834K [0x000000070a400000, 0x0000000800000000)
  region size 2048K, 1 young (2048K), 1 survivors (2048K)
 Metaspace       used 35813K, committed 36032K, reserved 1081344K
  class space    used 4509K, committed 4608K, reserved 1048576K
}
Event: 4.256 GC heap before
{Heap before GC invocations=13 (full 0):
 garbage-first heap   total 96256K, used 81178K [0x000000070a400000, 0x0000000800000000)
  region size 2048K, 28 young (57344K), 1 survivors (2048K)
 Metaspace       used 47571K, committed 47872K, reserved 1097728K
  class space    used 5750K, committed 5888K, reserved 1048576K
}
Event: 4.272 GC heap after
{Heap after GC invocations=14 (full 0):
 garbage-first heap   total 96256K, used 30172K [0x000000070a400000, 0x0000000800000000)
  region size 2048K, 4 young (8192K), 4 survivors (8192K)
 Metaspace       used 47571K, committed 47872K, reserved 1097728K
  class space    used 5750K, committed 5888K, reserved 1048576K
}
Event: 4.306 GC heap before
{Heap before GC invocations=14 (full 0):
 garbage-first heap   total 96256K, used 32220K [0x000000070a400000, 0x0000000800000000)
  region size 2048K, 5 young (10240K), 4 survivors (8192K)
 Metaspace       used 47789K, committed 48064K, reserved 1097728K
  class space    used 5765K, committed 5888K, reserved 1048576K
}
Event: 4.318 GC heap after
{Heap after GC invocations=15 (full 0):
 garbage-first heap   total 96256K, used 30999K [0x000000070a400000, 0x0000000800000000)
  region size 2048K, 1 young (2048K), 1 survivors (2048K)
 Metaspace       used 47789K, committed 48064K, reserved 1097728K
  class space    used 5765K, committed 5888K, reserved 1048576K
}
Event: 4.888 GC heap before
{Heap before GC invocations=15 (full 0):
 garbage-first heap   total 96256K, used 67863K [0x000000070a400000, 0x0000000800000000)
  region size 2048K, 19 young (38912K), 1 survivors (2048K)
 Metaspace       used 50822K, committed 51072K, reserved 1097728K
  class space    used 6071K, committed 6208K, reserved 1048576K
}
Event: 4.899 GC heap after
{Heap after GC invocations=16 (full 0):
 garbage-first heap   total 96256K, used 35842K [0x000000070a400000, 0x0000000800000000)
  region size 2048K, 3 young (6144K), 3 survivors (6144K)
 Metaspace       used 50822K, committed 51072K, reserved 1097728K
  class space    used 6071K, committed 6208K, reserved 1048576K
}
Event: 5.646 GC heap before
{Heap before GC invocations=16 (full 0):
 garbage-first heap   total 96256K, used 70658K [0x000000070a400000, 0x0000000800000000)
  region size 2048K, 20 young (40960K), 3 survivors (6144K)
 Metaspace       used 53661K, committed 53952K, reserved 1097728K
  class space    used 6309K, committed 6464K, reserved 1048576K
}
Event: 5.664 GC heap after
{Heap after GC invocations=17 (full 0):
 garbage-first heap   total 184320K, used 40211K [0x000000070a400000, 0x0000000800000000)
  region size 2048K, 3 young (6144K), 3 survivors (6144K)
 Metaspace       used 53661K, committed 53952K, reserved 1097728K
  class space    used 6309K, committed 6464K, reserved 1048576K
}
Event: 7.044 GC heap before
{Heap before GC invocations=17 (full 0):
 garbage-first heap   total 184320K, used 66835K [0x000000070a400000, 0x0000000800000000)
  region size 2048K, 17 young (34816K), 3 survivors (6144K)
 Metaspace       used 60046K, committed 60288K, reserved 1105920K
  class space    used 7117K, committed 7232K, reserved 1048576K
}
Event: 7.054 GC heap after
{Heap after GC invocations=18 (full 0):
 garbage-first heap   total 184320K, used 43314K [0x000000070a400000, 0x0000000800000000)
  region size 2048K, 4 young (8192K), 4 survivors (8192K)
 Metaspace       used 60046K, committed 60288K, reserved 1105920K
  class space    used 7117K, committed 7232K, reserved 1048576K
}

